
                         Lattice Mapping Report File

Design:  karaoke_top
Family:  iCE40UP
Device:  iCE40UP5K
Package: SG48
Performance Grade:  High-Performance_1.2V

Mapper:    version Radiant Software (64-bit) 2024.2.0.3.0
Mapped on: Thu Nov 20 10:33:54 2025

Design Information
------------------

Command line:   map -pdc C:/Users/mtatsumi/my_designs/e155-karaoke/pinouts.pdc
     -i e155_karaoke_impl_1_syn.udb -o e155_karaoke_impl_1_map.udb -mp
     e155_karaoke_impl_1.mrp -hierrpt -gui -msgset
     C:/Users/mtatsumi/my_designs/e155-karaoke/promote.xml

Design Summary
--------------

   Number of slice registers: 2230 out of  5280 (42%)
   Number of I/O registers:      0 out of   117 (0%)
   Number of LUT4s:           4713 out of  5280 (89%)
      Number of logic LUT4s:             353
      Number of inserted feedthru LUT4s: 1485
      Number of replicated LUT4s:          1
      Number of ripple logic:            1437 (2874 LUT4s)
   Number of IO sites used:   24 out of 39 (62%)
      Number of IO sites used for general PIO: 24
      Number of IO sites used for I3C: 0 out of 2 (0%)
      (note: If I3C is not used, its site can be used as general PIO)
      Number of IO sites used for PIO+I3C: 24 out of 36 (67%)
      Number of IO sites used for OD+RGB IO buffers: 0 out of 3 (0%)
      (note: If RGB LED drivers are not used, sites can be used as OD outputs,
       see TN1288 iCE40 LED Driver Usage Guide)
      Number of IO sites used for PIO+I3C+OD+RGB: 24 out of 39 (62%)
   Number of DSPs:             8 out of 8 (100%)
   Number of I2Cs:             0 out of 2 (0%)
   Number of High Speed OSCs:  1 out of 1 (100%)
   Number of Low Speed OSCs:   0 out of 1 (0%)
   Number of RGB PWM:          0 out of 1 (0%)
   Number of RGB Drivers:      0 out of 1 (0%)
   Number of SCL FILTERs:      0 out of 2 (0%)
   Number of SRAMs:            0 out of 4 (0%)
   Number of WARMBOOTs:        0 out of 1 (0%)
   Number of SPIs:             0 out of 2 (0%)
   Number of EBRs:             0 out of 30 (0%)
   Number of PLLs:             0 out of 1 (0%)
   Number of Clocks:  3
      Net clk_c: 1901 loads, 1901 rising, 0 falling (Driver: Pin
     clk_generator.clk_out/Q)
      Net sck_c: 26 loads, 25 rising, 1 falling (Driver: Port sck)
      Net clk_generator.clk_48mhz: 7 loads, 7 rising, 0 falling (Driver: Pin
     clk_generator.hf_osc.osc_inst/CLKHF)
   Number of Clock Enables:  10
      Net cic_out_valid: 377 loads, 377 SLICEs
      Net halfband.stage3_valid: 16 loads, 16 SLICEs
      Net hb_out_valid: 527 loads, 527 SLICEs
      Net audio_sample_pad[14].vcc: 1 loads, 0 SLICEs

                                    Page 1





Design Summary (cont)
---------------------
      Net spi_interface.n4716: 20 loads, 20 SLICEs
      Net audio_valid_c: 16 loads, 16 SLICEs
      Net clk_generator.n4804: 1 loads, 1 SLICEs
      Net cic_decimator.new_decim_valid_N_15192: 21 loads, 21 SLICEs
      Net cic_decimator.new_decim_valid: 38 loads, 38 SLICEs
      Net cic_decimator.combs_output_vld: 9 loads, 9 SLICEs
   Number of LSRs:  4
      Net shifting_N_15209: 891 loads, 891 SLICEs
      Net maxfan_replicated_net_999: 834 loads, 834 SLICEs
      Net maxfan_replicated_net_1223: 205 loads, 205 SLICEs
      Net clk_generator.n268: 4 loads, 4 SLICEs
   Top 10 highest fanout non-clock nets:
      Net shifting_N_15209: 891 loads
      Net maxfan_replicated_net_999: 834 loads
      Net hb_out_valid: 529 loads
      Net cic_out_valid: 380 loads
      Net maxfan_replicated_net_1223: 205 loads
      Net cic_decimator.new_decim_valid: 102 loads
      Net audio_sample_pad[14].vcc: 94 loads
      Net generic_fir.sym_pairs[11][16]: 47 loads
      Net generic_fir.sym_pairs[8][16]: 46 loads
      Net generic_fir.sym_pairs[9][16]: 45 loads





   Number of warnings:  2
   Number of criticals: 0
   Number of errors:    0

Design Errors/Criticals/Warnings
--------------------------------

WARNING <71003020> - map: Top module port 'sdi' does not connect to anything.
WARNING <71003020> - map: Top module port 'sdi' does not connect to anything.

IO (PIO) Attributes
-------------------

+---------------------+-----------+-----------+-------+-------+-----------+
| IO Name             | Direction | Levelmode |  IO   |  IO   | Special   |
|                     |           |  IO_TYPE  |  REG  |  DDR  | IO Buffer |
+---------------------+-----------+-----------+-------+-------+-----------+
| audio_sample[14]    | OUTPUT    |           |       |       |           |
+---------------------+-----------+-----------+-------+-------+-----------+
| audio_sample[15]    | OUTPUT    |           |       |       |           |
+---------------------+-----------+-----------+-------+-------+-----------+
| audio_sample[13]    | OUTPUT    |           |       |       |           |
+---------------------+-----------+-----------+-------+-------+-----------+
| audio_sample[2]     | OUTPUT    |           |       |       |           |
+---------------------+-----------+-----------+-------+-------+-----------+
| audio_sample[3]     | OUTPUT    |           |       |       |           |
+---------------------+-----------+-----------+-------+-------+-----------+
| audio_sample[4]     | OUTPUT    |           |       |       |           |
+---------------------+-----------+-----------+-------+-------+-----------+
| done                | OUTPUT    |           |       |       |           |
+---------------------+-----------+-----------+-------+-------+-----------+

                                    Page 2





IO (PIO) Attributes (cont)
--------------------------
| audio_sample[1]     | OUTPUT    |           |       |       |           |
+---------------------+-----------+-----------+-------+-------+-----------+
| audio_sample[0]     | OUTPUT    |           |       |       |           |
+---------------------+-----------+-----------+-------+-------+-----------+
| audio_valid         | OUTPUT    |           |       |       |           |
+---------------------+-----------+-----------+-------+-------+-----------+
| clk                 | OUTPUT    |           |       |       |           |
+---------------------+-----------+-----------+-------+-------+-----------+
| audio_sample[5]     | OUTPUT    |           |       |       |           |
+---------------------+-----------+-----------+-------+-------+-----------+
| audio_sample[6]     | OUTPUT    |           |       |       |           |
+---------------------+-----------+-----------+-------+-------+-----------+
| audio_sample[7]     | OUTPUT    |           |       |       |           |
+---------------------+-----------+-----------+-------+-------+-----------+
| audio_sample[10]    | OUTPUT    |           |       |       |           |
+---------------------+-----------+-----------+-------+-------+-----------+
| audio_sample[9]     | OUTPUT    |           |       |       |           |
+---------------------+-----------+-----------+-------+-------+-----------+
| audio_sample[8]     | OUTPUT    |           |       |       |           |
+---------------------+-----------+-----------+-------+-------+-----------+
| pdm_data            | INPUT     |           |       |       |           |
+---------------------+-----------+-----------+-------+-------+-----------+
| reset_n             | INPUT     |           |       |       |           |
+---------------------+-----------+-----------+-------+-------+-----------+
| sck                 | INPUT     |           |       |       |           |
+---------------------+-----------+-----------+-------+-------+-----------+
| led                 | OUTPUT    |           |       |       |           |
+---------------------+-----------+-----------+-------+-------+-----------+
| sdo                 | OUTPUT    |           |       |       |           |
+---------------------+-----------+-----------+-------+-------+-----------+
| audio_sample[11]    | OUTPUT    |           |       |       |           |
+---------------------+-----------+-----------+-------+-------+-----------+
| audio_sample[12]    | OUTPUT    |           |       |       |           |
+---------------------+-----------+-----------+-------+-------+-----------+

Removed logic
-------------

Block spi_interface/i39_1_lut was optimized away.

OSC Summary
-----------

OSC 1:                                 Pin/Node Value
  OSC Instance Name:                            clk_generator/hf_osc.osc_inst
  Power UP:                            NODE     audio_sample_pad[14].vcc
  Enable Signal:                       NODE     audio_sample_pad[14].vcc
  OSC Output:                          NODE     clk_generator.clk_48mhz
  DIV Setting:                                  00

ASIC Components
---------------

Instance Name: halfband/mult_452
         Type: DSP
Instance Name: halfband/mult_454
         Type: DSP

                                    Page 3





ASIC Components (cont)
----------------------
Instance Name: halfband/mult_448
         Type: DSP
Instance Name: halfband/mult_445
         Type: DSP
Instance Name: halfband/mult_436
         Type: DSP
Instance Name: halfband/mult_451
         Type: DSP
Instance Name: clk_generator/hf_osc.osc_inst
         Type: HFOSC
Instance Name: cic_decimator/mult_443
         Type: DSP
Instance Name: cic_decimator/mult_442
         Type: DSP

Constraint Summary
------------------

   Total number of constraints: 8
   Total number of constraints dropped: 0

Run Time and Memory Usage
-------------------------

   Total CPU Time: 1 secs
   Total REAL Time: 0 secs
   Peak Memory Usage: 132 MB
Checksum -- map: ff75ca0fba9bce6f8e48589b96d90be9df44fb00






























                                    Page 4


Copyright (c) 1991-1994 by NeoCAD Inc. All rights reserved.
Copyright (c) 1995
     AT&T Corp.   All rights reserved.
Copyright (c) 1995-2001 Lucent
     Technologies Inc.  All rights reserved.
Copyright (c) 2001 Agere Systems
     All rights reserved.
Copyright (c) 2002-2024 Lattice Semiconductor
     Corporation,  All rights reserved.
